{"synthetic": false,
 "schemaVersion": "2025-09-10",
 "outputs":
 {"o": ["e3649c538e56b40c.olean"],
  "i": "2f7e43e217d6e1bf.ilean",
  "c": "d0cbf951b8b43f17.c"},
 "log":
 [{"message":
   ".> LEAN_PATH=/Users/karthik/libcrux-proofs-cleanup/crates/algorithms/sha3/proofs/lean/.lake/packages/Qq/.lake/build/lib/lean:/Users/karthik/libcrux-proofs-cleanup/crates/algorithms/sha3/proofs/lean/.lake/packages/Hax/hax-lib/proof-libs/lean/.lake/build/lib/lean:/Users/karthik/libcrux-proofs-cleanup/specs/sha3/proofs/lean/.lake/build/lib/lean:/Users/karthik/libcrux-proofs-cleanup/crates/algorithms/sha3/proofs/lean/.lake/build/lib/lean /Users/karthik/.elan/toolchains/leanprover--lean4---v4.29.0-rc1/bin/lean /Users/karthik/libcrux-proofs-cleanup/crates/algorithms/sha3/proofs/lean/Stubs.lean -o /Users/karthik/libcrux-proofs-cleanup/crates/algorithms/sha3/proofs/lean/.lake/build/lib/lean/Stubs.olean -i /Users/karthik/libcrux-proofs-cleanup/crates/algorithms/sha3/proofs/lean/.lake/build/lib/lean/Stubs.ilean -c /Users/karthik/libcrux-proofs-cleanup/crates/algorithms/sha3/proofs/lean/.lake/build/ir/Stubs.c --setup /Users/karthik/libcrux-proofs-cleanup/crates/algorithms/sha3/proofs/lean/.lake/build/ir/Stubs.setup.json --json",
   "level": "trace"},
  {"message": "Stubs.lean:69:9: declaration uses `sorry`", "level": "warning"},
  {"message": "Stubs.lean:77:19: declaration uses `sorry`", "level": "warning"},
  {"message": "Stubs.lean:79:19: declaration uses `sorry`", "level": "warning"},
  {"message": "Stubs.lean:80:19: declaration uses `sorry`", "level": "warning"},
  {"message": "Stubs.lean:81:19: declaration uses `sorry`", "level": "warning"},
  {"message": "Stubs.lean:89:19: declaration uses `sorry`", "level": "warning"},
  {"message": "Stubs.lean:93:19: declaration uses `sorry`", "level": "warning"},
  {"message": "Stubs.lean:103:19: declaration uses `sorry`",
   "level": "warning"}],
 "inputs":
 [["Stubs:deps",
   [["deps",
     [["libcrux_sha3/Stubs:extraDep",
       [["@libcrux_sha3:extraDep", "00000000000006bb"]]],
      ["imports",
       [["Hax transitive imports (legacy)", "186da7e5ae2cca3e"],
        ["Hax:importAllArts", "909810f9a928ca1f"]]]]],
    ["libs",
     [["import dynlibs", "00000000000006bb"],
      ["package external libraries", "00000000000006bb"],
      ["module dynlibs", "00000000000006bb"],
      ["module plugins", "00000000000006bb"]]]]],
  ["Lean 4.29.0, commit 985f350dcd18fc7814dfa677cac09933f44f3215",
   "25953b0996e8f9b7"],
  ["/Users/karthik/libcrux-proofs-cleanup/crates/algorithms/sha3/proofs/lean/Stubs.lean",
   "73ad968e374a09cd"],
  ["options", "00000000000006bb"],
  ["isModule: false", "feefd2a0d3a1847e"],
  ["Module.name: Stubs", "66e3cfa2ade423c9"],
  ["Package.id?: (some libcrux_sha3)", "cdbc796a191f5aa6"],
  ["Module.leanArgs: #[]", "00000000000006bb"]],
 "depHash": "c3755b58e307836a"}