{"synthetic": false,
 "schemaVersion": "2025-09-10",
 "outputs":
 {"o": ["8da0da1496ddd746.olean"],
  "i": "d272f0e8e34ddad1.ilean",
  "c": "21b62f236df84851.c"},
 "log":
 [{"message":
   ".> LEAN_PATH=/Users/karthik/libcrux-proofs-cleanup/specs/sha3/proofs/lean/.lake/packages/Qq/.lake/build/lib/lean:/Users/karthik/libcrux-proofs-cleanup/specs/sha3/proofs/lean/.lake/packages/Hax/hax-lib/proof-libs/lean/.lake/build/lib/lean:/Users/karthik/libcrux-proofs-cleanup/specs/sha3/proofs/lean/.lake/build/lib/lean /Users/karthik/.elan/toolchains/leanprover--lean4---v4.29.0-rc1/bin/lean /Users/karthik/libcrux-proofs-cleanup/specs/sha3/proofs/lean/equivalence/Spec_Pure_Defs.lean -o /Users/karthik/libcrux-proofs-cleanup/specs/sha3/proofs/lean/.lake/build/lib/lean/equivalence/Spec_Pure_Defs.olean -i /Users/karthik/libcrux-proofs-cleanup/specs/sha3/proofs/lean/.lake/build/lib/lean/equivalence/Spec_Pure_Defs.ilean -c /Users/karthik/libcrux-proofs-cleanup/specs/sha3/proofs/lean/.lake/build/ir/equivalence/Spec_Pure_Defs.c --setup /Users/karthik/libcrux-proofs-cleanup/specs/sha3/proofs/lean/.lake/build/ir/equivalence/Spec_Pure_Defs.setup.json --json",
   "level": "trace"}],
 "inputs":
 [["equivalence.Spec_Pure_Defs:deps",
   [["deps",
     [["hacspec_sha3/Spec_Pure_Defs:extraDep",
       [["@hacspec_sha3:extraDep", "00000000000006bb"]]],
      ["imports",
       [["Hax transitive imports (legacy)", "186da7e5ae2cca3e"],
        ["Hax:importAllArts", "909810f9a928ca1f"],
        ["Stubs transitive imports (legacy)", "cdb5feb4c611ff81"],
        ["Stubs:importAllArts", "4b83900b2749a0d8"],
        ["extraction.hacspec_sha3 transitive imports (legacy)",
         "f06ee0766685388a"],
        ["extraction.hacspec_sha3:importAllArts", "f1078b2ee3c25cae"]]]]],
    ["libs",
     [["import dynlibs", "00000000000006bb"],
      ["package external libraries", "00000000000006bb"],
      ["module dynlibs", "00000000000006bb"],
      ["module plugins", "00000000000006bb"]]]]],
  ["Lean 4.29.0, commit 985f350dcd18fc7814dfa677cac09933f44f3215",
   "25953b0996e8f9b7"],
  ["/Users/karthik/libcrux-proofs-cleanup/specs/sha3/proofs/lean/equivalence/Spec_Pure_Defs.lean",
   "8e6f500ce0ad4a0e"],
  ["options", "00000000000006bb"],
  ["isModule: false", "feefd2a0d3a1847e"],
  ["Module.name: equivalence.Spec_Pure_Defs", "f40189ebe3f120e7"],
  ["Package.id?: (some hacspec_sha3)", "1fa415d3b489eb13"],
  ["Module.leanArgs: #[]", "00000000000006bb"]],
 "depHash": "fe2a3b23b16f490d"}