{"synthetic": false,
 "schemaVersion": "2025-09-10",
 "outputs":
 {"o": ["f2f1595f41002c21.olean"],
  "i": "40fdc5adb1563c6c.ilean",
  "c": "ea2dfb953361360a.c"},
 "log":
 [{"message":
   ".> LEAN_PATH=/Users/karthik/libcrux-proofs-cleanup/specs/sha3/proofs/lean/.lake/packages/Qq/.lake/build/lib/lean:/Users/karthik/libcrux-proofs-cleanup/specs/sha3/proofs/lean/.lake/packages/Hax/hax-lib/proof-libs/lean/.lake/build/lib/lean:/Users/karthik/libcrux-proofs-cleanup/specs/sha3/proofs/lean/.lake/build/lib/lean /Users/karthik/.elan/toolchains/leanprover--lean4---v4.29.0-rc1/bin/lean /Users/karthik/libcrux-proofs-cleanup/specs/sha3/proofs/lean/extraction/hacspec_sha3.lean -o /Users/karthik/libcrux-proofs-cleanup/specs/sha3/proofs/lean/.lake/build/lib/lean/extraction/hacspec_sha3.olean -i /Users/karthik/libcrux-proofs-cleanup/specs/sha3/proofs/lean/.lake/build/lib/lean/extraction/hacspec_sha3.ilean -c /Users/karthik/libcrux-proofs-cleanup/specs/sha3/proofs/lean/.lake/build/ir/extraction/hacspec_sha3.c --setup /Users/karthik/libcrux-proofs-cleanup/specs/sha3/proofs/lean/.lake/build/ir/extraction/hacspec_sha3.setup.json --json",
   "level": "trace"},
  {"message": "extraction/hacspec_sha3.lean:28:4: declaration uses `sorry`",
   "level": "warning"},
  {"message": "extraction/hacspec_sha3.lean:28:4: declaration uses `sorry`",
   "level": "warning"},
  {"message": "extraction/hacspec_sha3.lean:115:4: declaration uses `sorry`",
   "level": "warning"},
  {"message": "extraction/hacspec_sha3.lean:115:4: declaration uses `sorry`",
   "level": "warning"},
  {"message": "extraction/hacspec_sha3.lean:163:4: declaration uses `sorry`",
   "level": "warning"},
  {"message": "extraction/hacspec_sha3.lean:163:4: declaration uses `sorry`",
   "level": "warning"},
  {"message": "extraction/hacspec_sha3.lean:213:6: declaration uses `sorry`",
   "level": "warning"},
  {"message": "extraction/hacspec_sha3.lean:213:6: declaration uses `sorry`",
   "level": "warning"},
  {"message": "extraction/hacspec_sha3.lean:305:6: declaration uses `sorry`",
   "level": "warning"},
  {"message": "extraction/hacspec_sha3.lean:305:6: declaration uses `sorry`",
   "level": "warning"},
  {"message": "extraction/hacspec_sha3.lean:541:6: declaration uses `sorry`",
   "level": "warning"},
  {"message": "extraction/hacspec_sha3.lean:541:6: declaration uses `sorry`",
   "level": "warning"},
  {"message": "extraction/hacspec_sha3.lean:598:4: declaration uses `sorry`",
   "level": "warning"},
  {"message": "extraction/hacspec_sha3.lean:598:4: declaration uses `sorry`",
   "level": "warning"},
  {"message": "extraction/hacspec_sha3.lean:619:4: declaration uses `sorry`",
   "level": "warning"},
  {"message": "extraction/hacspec_sha3.lean:619:4: declaration uses `sorry`",
   "level": "warning"}],
 "inputs":
 [["extraction.hacspec_sha3:deps",
   [["deps",
     [["hacspec_sha3/hacspec_sha3:extraDep",
       [["@hacspec_sha3:extraDep", "00000000000006bb"]]],
      ["imports",
       [["Hax transitive imports (legacy)", "186da7e5ae2cca3e"],
        ["Hax:importAllArts", "909810f9a928ca1f"],
        ["Stubs transitive imports (legacy)", "cdb5feb4c611ff81"],
        ["Stubs:importAllArts", "4b83900b2749a0d8"]]]]],
    ["libs",
     [["import dynlibs", "00000000000006bb"],
      ["package external libraries", "00000000000006bb"],
      ["module dynlibs", "00000000000006bb"],
      ["module plugins", "00000000000006bb"]]]]],
  ["Lean 4.29.0, commit 985f350dcd18fc7814dfa677cac09933f44f3215",
   "25953b0996e8f9b7"],
  ["/Users/karthik/libcrux-proofs-cleanup/specs/sha3/proofs/lean/extraction/hacspec_sha3.lean",
   "e391fb85347cf8ec"],
  ["options", "00000000000006bb"],
  ["isModule: false", "feefd2a0d3a1847e"],
  ["Module.name: extraction.hacspec_sha3", "f383132586e898eb"],
  ["Package.id?: (some hacspec_sha3)", "1fa415d3b489eb13"],
  ["Module.leanArgs: #[]", "00000000000006bb"]],
 "depHash": "3c6962905268e9fc"}