{"synthetic": false,
 "schemaVersion": "2025-09-10",
 "outputs":
 {"o": ["8af518e577eb4808.olean"],
  "i": "3abcb8251216aea8.ilean",
  "c": "df1da9b1ca8ceeb3.c"},
 "log":
 [{"message":
   ".> LEAN_PATH=/Users/karthik/libcrux-proofs-cleanup/specs/sha3/proofs/lean/.lake/packages/Qq/.lake/build/lib/lean:/Users/karthik/libcrux-proofs-cleanup/specs/sha3/proofs/lean/.lake/packages/Hax/hax-lib/proof-libs/lean/.lake/build/lib/lean:/Users/karthik/libcrux-proofs-cleanup/specs/sha3/proofs/lean/.lake/build/lib/lean /Users/karthik/.elan/toolchains/leanprover--lean4---v4.29.0-rc1/bin/lean /Users/karthik/libcrux-proofs-cleanup/specs/sha3/proofs/lean/Stubs.lean -o /Users/karthik/libcrux-proofs-cleanup/specs/sha3/proofs/lean/.lake/build/lib/lean/Stubs.olean -i /Users/karthik/libcrux-proofs-cleanup/specs/sha3/proofs/lean/.lake/build/lib/lean/Stubs.ilean -c /Users/karthik/libcrux-proofs-cleanup/specs/sha3/proofs/lean/.lake/build/ir/Stubs.c --setup /Users/karthik/libcrux-proofs-cleanup/specs/sha3/proofs/lean/.lake/build/ir/Stubs.setup.json --json",
   "level": "trace"},
  {"message": "Stubs.lean:14:9: declaration uses `sorry`", "level": "warning"},
  {"message": "Stubs.lean:68:19: declaration uses `sorry`", "level": "warning"},
  {"message": "Stubs.lean:76:19: declaration uses `sorry`",
   "level": "warning"}],
 "inputs":
 [["Stubs:deps",
   [["deps",
     [["hacspec_sha3/Stubs:extraDep",
       [["@hacspec_sha3:extraDep", "00000000000006bb"]]],
      ["imports",
       [["Hax transitive imports (legacy)", "186da7e5ae2cca3e"],
        ["Hax:importAllArts", "909810f9a928ca1f"]]]]],
    ["libs",
     [["import dynlibs", "00000000000006bb"],
      ["package external libraries", "00000000000006bb"],
      ["module dynlibs", "00000000000006bb"],
      ["module plugins", "00000000000006bb"]]]]],
  ["Lean 4.29.0, commit 985f350dcd18fc7814dfa677cac09933f44f3215",
   "25953b0996e8f9b7"],
  ["/Users/karthik/libcrux-proofs-cleanup/specs/sha3/proofs/lean/Stubs.lean",
   "ec888dd14a7e900f"],
  ["options", "00000000000006bb"],
  ["isModule: false", "feefd2a0d3a1847e"],
  ["Module.name: Stubs", "66e3cfa2ade423c9"],
  ["Package.id?: (some hacspec_sha3)", "1fa415d3b489eb13"],
  ["Module.leanArgs: #[]", "00000000000006bb"]],
 "depHash": "cb4d36563c94ccec"}