{"synthetic": false,
 "schemaVersion": "2025-09-10",
 "outputs":
 {"o": ["34e823ba605aec0c.olean"],
  "i": "3d86bb9d0dab3e37.ilean",
  "c": "2f293ed9b3edd4e7.c"},
 "log":
 [{"message":
   ".> LEAN_PATH=/Users/karthik/libcrux-proofs-cleanup/crates/algorithms/sha3/proofs/lean/.lake/packages/Qq/.lake/build/lib/lean:/Users/karthik/libcrux-proofs-cleanup/crates/algorithms/sha3/proofs/lean/.lake/packages/Hax/hax-lib/proof-libs/lean/.lake/build/lib/lean:/Users/karthik/libcrux-proofs-cleanup/crates/algorithms/sha3/proofs/lean/.lake/build/lib/lean /Users/karthik/.elan/toolchains/leanprover--lean4---v4.29.0-rc1/bin/lean /Users/karthik/libcrux-proofs-cleanup/crates/algorithms/sha3/proofs/lean/extraction/hacspec_sha3.lean -o /Users/karthik/libcrux-proofs-cleanup/crates/algorithms/sha3/proofs/lean/.lake/build/lib/lean/extraction/hacspec_sha3.olean -i /Users/karthik/libcrux-proofs-cleanup/crates/algorithms/sha3/proofs/lean/.lake/build/lib/lean/extraction/hacspec_sha3.ilean -c /Users/karthik/libcrux-proofs-cleanup/crates/algorithms/sha3/proofs/lean/.lake/build/ir/extraction/hacspec_sha3.c --setup /Users/karthik/libcrux-proofs-cleanup/crates/algorithms/sha3/proofs/lean/.lake/build/ir/extraction/hacspec_sha3.setup.json --json",
   "level": "trace"},
  {"message": "extraction/hacspec_sha3.lean:28:4: declaration uses `sorry`",
   "level": "warning"},
  {"message": "extraction/hacspec_sha3.lean:28:4: declaration uses `sorry`",
   "level": "warning"},
  {"message": "extraction/hacspec_sha3.lean:27:2: declaration uses `sorry`",
   "level": "warning"},
  {"message": "extraction/hacspec_sha3.lean:115:4: declaration uses `sorry`",
   "level": "warning"},
  {"message": "extraction/hacspec_sha3.lean:115:4: declaration uses `sorry`",
   "level": "warning"},
  {"message": "extraction/hacspec_sha3.lean:114:2: declaration uses `sorry`",
   "level": "warning"},
  {"message": "extraction/hacspec_sha3.lean:163:4: declaration uses `sorry`",
   "level": "warning"},
  {"message": "extraction/hacspec_sha3.lean:163:4: declaration uses `sorry`",
   "level": "warning"},
  {"message": "extraction/hacspec_sha3.lean:162:2: declaration uses `sorry`",
   "level": "warning"},
  {"message": "extraction/hacspec_sha3.lean:213:6: declaration uses `sorry`",
   "level": "warning"},
  {"message": "extraction/hacspec_sha3.lean:213:6: declaration uses `sorry`",
   "level": "warning"},
  {"message": "extraction/hacspec_sha3.lean:211:2: declaration uses `sorry`",
   "level": "warning"},
  {"message": "extraction/hacspec_sha3.lean:235:4: declaration uses `sorry`",
   "level": "warning"},
  {"message": "extraction/hacspec_sha3.lean:458:6: declaration uses `sorry`",
   "level": "warning"},
  {"message": "extraction/hacspec_sha3.lean:458:6: declaration uses `sorry`",
   "level": "warning"},
  {"message": "extraction/hacspec_sha3.lean:456:2: declaration uses `sorry`",
   "level": "warning"},
  {"message": "extraction/hacspec_sha3.lean:515:4: declaration uses `sorry`",
   "level": "warning"},
  {"message": "extraction/hacspec_sha3.lean:515:4: declaration uses `sorry`",
   "level": "warning"},
  {"message": "extraction/hacspec_sha3.lean:514:2: declaration uses `sorry`",
   "level": "warning"},
  {"message": "extraction/hacspec_sha3.lean:536:4: declaration uses `sorry`",
   "level": "warning"},
  {"message": "extraction/hacspec_sha3.lean:536:4: declaration uses `sorry`",
   "level": "warning"},
  {"message": "extraction/hacspec_sha3.lean:535:2: declaration uses `sorry`",
   "level": "warning"}],
 "inputs":
 [["extraction.hacspec_sha3:deps",
   [["deps",
     [["libcrux_sha3/hacspec_sha3:extraDep",
       [["@libcrux_sha3:extraDep", "00000000000006bb"]]],
      ["imports",
       [["Hax transitive imports (legacy)", "186da7e5ae2cca3e"],
        ["Hax:importAllArts", "909810f9a928ca1f"],
        ["Stubs transitive imports (legacy)", "cdb5feb4c611ff81"],
        ["Stubs:importAllArts", "3315f714718318e3"]]]]],
    ["libs",
     [["import dynlibs", "00000000000006bb"],
      ["package external libraries", "00000000000006bb"],
      ["module dynlibs", "00000000000006bb"],
      ["module plugins", "00000000000006bb"]]]]],
  ["Lean 4.29.0, commit 985f350dcd18fc7814dfa677cac09933f44f3215",
   "25953b0996e8f9b7"],
  ["/Users/karthik/libcrux-proofs-cleanup/crates/algorithms/sha3/proofs/lean/extraction/hacspec_sha3.lean",
   "4b7436bd2d00ab36"],
  ["options", "00000000000006bb"],
  ["isModule: false", "feefd2a0d3a1847e"],
  ["Module.name: extraction.hacspec_sha3", "f383132586e898eb"],
  ["Package.id?: (some libcrux_sha3)", "cdbc796a191f5aa6"],
  ["Module.leanArgs: #[]", "00000000000006bb"]],
 "depHash": "f8cc22fc72984337"}