{"synthetic": false,
 "schemaVersion": "2025-09-10",
 "outputs":
 {"o": ["0ccec1f7330cc8a4.olean"],
  "i": "7c07229654efd4e6.ilean",
  "c": "e470a68e79aa9fda.c"},
 "log":
 [{"message":
   ".> LEAN_PATH=/Users/karthik/libcrux-proofs-cleanup/crates/algorithms/sha3/proofs/lean/.lake/packages/Qq/.lake/build/lib/lean:/Users/karthik/libcrux-proofs-cleanup/crates/algorithms/sha3/proofs/lean/.lake/packages/Hax/hax-lib/proof-libs/lean/.lake/build/lib/lean:/Users/karthik/libcrux-proofs-cleanup/specs/sha3/proofs/lean/.lake/build/lib/lean:/Users/karthik/libcrux-proofs-cleanup/crates/algorithms/sha3/proofs/lean/.lake/build/lib/lean /Users/karthik/.elan/toolchains/leanprover--lean4---v4.29.0-rc1/bin/lean /Users/karthik/libcrux-proofs-cleanup/crates/algorithms/sha3/proofs/lean/extraction/libcrux_sha3.lean -o /Users/karthik/libcrux-proofs-cleanup/crates/algorithms/sha3/proofs/lean/.lake/build/lib/lean/extraction/libcrux_sha3.olean -i /Users/karthik/libcrux-proofs-cleanup/crates/algorithms/sha3/proofs/lean/.lake/build/lib/lean/extraction/libcrux_sha3.ilean -c /Users/karthik/libcrux-proofs-cleanup/crates/algorithms/sha3/proofs/lean/.lake/build/ir/extraction/libcrux_sha3.c --setup /Users/karthik/libcrux-proofs-cleanup/crates/algorithms/sha3/proofs/lean/.lake/build/ir/extraction/libcrux_sha3.setup.json --json",
   "level": "trace"},
  {"message": "extraction/libcrux_sha3.lean:32:4: declaration uses `sorry`",
   "level": "warning"},
  {"message": "extraction/libcrux_sha3.lean:32:4: declaration uses `sorry`",
   "level": "warning"},
  {"message": "extraction/libcrux_sha3.lean:31:2: declaration uses `sorry`",
   "level": "warning"},
  {"message": "extraction/libcrux_sha3.lean:62:4: declaration uses `sorry`",
   "level": "warning"},
  {"message": "extraction/libcrux_sha3.lean:62:4: declaration uses `sorry`",
   "level": "warning"},
  {"message": "extraction/libcrux_sha3.lean:61:2: declaration uses `sorry`",
   "level": "warning"},
  {"message": "extraction/libcrux_sha3.lean:464:6: declaration uses `sorry`",
   "level": "warning"},
  {"message": "extraction/libcrux_sha3.lean:464:6: declaration uses `sorry`",
   "level": "warning"},
  {"message": "extraction/libcrux_sha3.lean:462:2: declaration uses `sorry`",
   "level": "warning"},
  {"message": "extraction/libcrux_sha3.lean:974:6: declaration uses `sorry`",
   "level": "warning"},
  {"message": "extraction/libcrux_sha3.lean:974:6: declaration uses `sorry`",
   "level": "warning"},
  {"message": "extraction/libcrux_sha3.lean:972:2: declaration uses `sorry`",
   "level": "warning"},
  {"message": "extraction/libcrux_sha3.lean:1252:6: declaration uses `sorry`",
   "level": "warning"},
  {"message": "extraction/libcrux_sha3.lean:1252:6: declaration uses `sorry`",
   "level": "warning"},
  {"message": "extraction/libcrux_sha3.lean:1250:2: declaration uses `sorry`",
   "level": "warning"},
  {"message": "extraction/libcrux_sha3.lean:1926:6: declaration uses `sorry`",
   "level": "warning"},
  {"message": "extraction/libcrux_sha3.lean:1926:6: declaration uses `sorry`",
   "level": "warning"},
  {"message": "extraction/libcrux_sha3.lean:1924:2: declaration uses `sorry`",
   "level": "warning"},
  {"message": "extraction/libcrux_sha3.lean:2170:6: declaration uses `sorry`",
   "level": "warning"},
  {"message": "extraction/libcrux_sha3.lean:2170:6: declaration uses `sorry`",
   "level": "warning"},
  {"message": "extraction/libcrux_sha3.lean:2168:2: declaration uses `sorry`",
   "level": "warning"},
  {"message": "extraction/libcrux_sha3.lean:2240:6: declaration uses `sorry`",
   "level": "warning"},
  {"message": "extraction/libcrux_sha3.lean:2240:6: declaration uses `sorry`",
   "level": "warning"},
  {"message": "extraction/libcrux_sha3.lean:2238:2: declaration uses `sorry`",
   "level": "warning"},
  {"message": "extraction/libcrux_sha3.lean:2340:6: declaration uses `sorry`",
   "level": "warning"},
  {"message": "extraction/libcrux_sha3.lean:2340:6: declaration uses `sorry`",
   "level": "warning"},
  {"message": "extraction/libcrux_sha3.lean:2338:2: declaration uses `sorry`",
   "level": "warning"},
  {"message": "extraction/libcrux_sha3.lean:2525:6: declaration uses `sorry`",
   "level": "warning"},
  {"message": "extraction/libcrux_sha3.lean:2525:6: declaration uses `sorry`",
   "level": "warning"},
  {"message": "extraction/libcrux_sha3.lean:2523:2: declaration uses `sorry`",
   "level": "warning"},
  {"message": "extraction/libcrux_sha3.lean:2612:6: declaration uses `sorry`",
   "level": "warning"},
  {"message": "extraction/libcrux_sha3.lean:2612:6: declaration uses `sorry`",
   "level": "warning"},
  {"message": "extraction/libcrux_sha3.lean:2610:2: declaration uses `sorry`",
   "level": "warning"},
  {"message": "extraction/libcrux_sha3.lean:2746:6: declaration uses `sorry`",
   "level": "warning"},
  {"message": "extraction/libcrux_sha3.lean:2746:6: declaration uses `sorry`",
   "level": "warning"},
  {"message": "extraction/libcrux_sha3.lean:2744:2: declaration uses `sorry`",
   "level": "warning"},
  {"message": "extraction/libcrux_sha3.lean:2786:6: declaration uses `sorry`",
   "level": "warning"},
  {"message": "extraction/libcrux_sha3.lean:2786:6: declaration uses `sorry`",
   "level": "warning"},
  {"message": "extraction/libcrux_sha3.lean:2784:2: declaration uses `sorry`",
   "level": "warning"},
  {"message": "extraction/libcrux_sha3.lean:2835:6: declaration uses `sorry`",
   "level": "warning"},
  {"message": "extraction/libcrux_sha3.lean:2835:6: declaration uses `sorry`",
   "level": "warning"},
  {"message": "extraction/libcrux_sha3.lean:2833:2: declaration uses `sorry`",
   "level": "warning"},
  {"message": "extraction/libcrux_sha3.lean:2897:6: declaration uses `sorry`",
   "level": "warning"},
  {"message": "extraction/libcrux_sha3.lean:2897:6: declaration uses `sorry`",
   "level": "warning"},
  {"message": "extraction/libcrux_sha3.lean:2895:2: declaration uses `sorry`",
   "level": "warning"},
  {"message": "extraction/libcrux_sha3.lean:2961:6: declaration uses `sorry`",
   "level": "warning"},
  {"message": "extraction/libcrux_sha3.lean:2961:6: declaration uses `sorry`",
   "level": "warning"},
  {"message": "extraction/libcrux_sha3.lean:2959:2: declaration uses `sorry`",
   "level": "warning"},
  {"message": "extraction/libcrux_sha3.lean:3075:6: declaration uses `sorry`",
   "level": "warning"},
  {"message": "extraction/libcrux_sha3.lean:3075:6: declaration uses `sorry`",
   "level": "warning"},
  {"message": "extraction/libcrux_sha3.lean:3073:2: declaration uses `sorry`",
   "level": "warning"},
  {"message": "extraction/libcrux_sha3.lean:3276:6: declaration uses `sorry`",
   "level": "warning"},
  {"message": "extraction/libcrux_sha3.lean:3276:6: declaration uses `sorry`",
   "level": "warning"},
  {"message": "extraction/libcrux_sha3.lean:3274:2: declaration uses `sorry`",
   "level": "warning"},
  {"message": "extraction/libcrux_sha3.lean:3448:6: declaration uses `sorry`",
   "level": "warning"},
  {"message": "extraction/libcrux_sha3.lean:3448:6: declaration uses `sorry`",
   "level": "warning"},
  {"message": "extraction/libcrux_sha3.lean:3446:2: declaration uses `sorry`",
   "level": "warning"},
  {"message": "extraction/libcrux_sha3.lean:3601:6: declaration uses `sorry`",
   "level": "warning"},
  {"message": "extraction/libcrux_sha3.lean:3601:6: declaration uses `sorry`",
   "level": "warning"},
  {"message": "extraction/libcrux_sha3.lean:3599:2: declaration uses `sorry`",
   "level": "warning"},
  {"message": "extraction/libcrux_sha3.lean:3696:6: declaration uses `sorry`",
   "level": "warning"},
  {"message": "extraction/libcrux_sha3.lean:3696:6: declaration uses `sorry`",
   "level": "warning"},
  {"message": "extraction/libcrux_sha3.lean:3694:2: declaration uses `sorry`",
   "level": "warning"},
  {"message": "extraction/libcrux_sha3.lean:3846:6: declaration uses `sorry`",
   "level": "warning"},
  {"message": "extraction/libcrux_sha3.lean:3846:6: declaration uses `sorry`",
   "level": "warning"},
  {"message": "extraction/libcrux_sha3.lean:3844:2: declaration uses `sorry`",
   "level": "warning"},
  {"message": "extraction/libcrux_sha3.lean:4028:4: declaration uses `sorry`",
   "level": "warning"},
  {"message": "extraction/libcrux_sha3.lean:4028:4: declaration uses `sorry`",
   "level": "warning"},
  {"message": "extraction/libcrux_sha3.lean:4027:2: declaration uses `sorry`",
   "level": "warning"},
  {"message": "extraction/libcrux_sha3.lean:4056:4: declaration uses `sorry`",
   "level": "warning"},
  {"message": "extraction/libcrux_sha3.lean:4056:4: declaration uses `sorry`",
   "level": "warning"},
  {"message": "extraction/libcrux_sha3.lean:4055:2: declaration uses `sorry`",
   "level": "warning"},
  {"message": "extraction/libcrux_sha3.lean:4118:4: declaration uses `sorry`",
   "level": "warning"},
  {"message": "extraction/libcrux_sha3.lean:4118:4: declaration uses `sorry`",
   "level": "warning"},
  {"message": "extraction/libcrux_sha3.lean:4117:2: declaration uses `sorry`",
   "level": "warning"},
  {"message": "extraction/libcrux_sha3.lean:4146:4: declaration uses `sorry`",
   "level": "warning"},
  {"message": "extraction/libcrux_sha3.lean:4146:4: declaration uses `sorry`",
   "level": "warning"},
  {"message": "extraction/libcrux_sha3.lean:4145:2: declaration uses `sorry`",
   "level": "warning"},
  {"message": "extraction/libcrux_sha3.lean:4208:4: declaration uses `sorry`",
   "level": "warning"},
  {"message": "extraction/libcrux_sha3.lean:4208:4: declaration uses `sorry`",
   "level": "warning"},
  {"message": "extraction/libcrux_sha3.lean:4207:2: declaration uses `sorry`",
   "level": "warning"},
  {"message": "extraction/libcrux_sha3.lean:4236:4: declaration uses `sorry`",
   "level": "warning"},
  {"message": "extraction/libcrux_sha3.lean:4236:4: declaration uses `sorry`",
   "level": "warning"},
  {"message": "extraction/libcrux_sha3.lean:4235:2: declaration uses `sorry`",
   "level": "warning"},
  {"message": "extraction/libcrux_sha3.lean:4296:4: declaration uses `sorry`",
   "level": "warning"},
  {"message": "extraction/libcrux_sha3.lean:4296:4: declaration uses `sorry`",
   "level": "warning"},
  {"message": "extraction/libcrux_sha3.lean:4295:2: declaration uses `sorry`",
   "level": "warning"},
  {"message": "extraction/libcrux_sha3.lean:4339:4: declaration uses `sorry`",
   "level": "warning"},
  {"message": "extraction/libcrux_sha3.lean:4339:4: declaration uses `sorry`",
   "level": "warning"},
  {"message": "extraction/libcrux_sha3.lean:4338:2: declaration uses `sorry`",
   "level": "warning"},
  {"message": "extraction/libcrux_sha3.lean:4367:4: declaration uses `sorry`",
   "level": "warning"},
  {"message": "extraction/libcrux_sha3.lean:4367:4: declaration uses `sorry`",
   "level": "warning"},
  {"message": "extraction/libcrux_sha3.lean:4366:2: declaration uses `sorry`",
   "level": "warning"},
  {"message": "extraction/libcrux_sha3.lean:4653:6: declaration uses `sorry`",
   "level": "warning"},
  {"message": "extraction/libcrux_sha3.lean:4653:6: declaration uses `sorry`",
   "level": "warning"},
  {"message": "extraction/libcrux_sha3.lean:4651:2: declaration uses `sorry`",
   "level": "warning"},
  {"message": "extraction/libcrux_sha3.lean:4691:6: declaration uses `sorry`",
   "level": "warning"},
  {"message": "extraction/libcrux_sha3.lean:4691:6: declaration uses `sorry`",
   "level": "warning"},
  {"message": "extraction/libcrux_sha3.lean:4689:2: declaration uses `sorry`",
   "level": "warning"},
  {"message": "extraction/libcrux_sha3.lean:4732:6: declaration uses `sorry`",
   "level": "warning"},
  {"message": "extraction/libcrux_sha3.lean:4732:6: declaration uses `sorry`",
   "level": "warning"},
  {"message": "extraction/libcrux_sha3.lean:4730:2: declaration uses `sorry`",
   "level": "warning"},
  {"message": "extraction/libcrux_sha3.lean:4776:6: declaration uses `sorry`",
   "level": "warning"},
  {"message": "extraction/libcrux_sha3.lean:4776:6: declaration uses `sorry`",
   "level": "warning"},
  {"message": "extraction/libcrux_sha3.lean:4774:2: declaration uses `sorry`",
   "level": "warning"},
  {"message": "extraction/libcrux_sha3.lean:4826:6: declaration uses `sorry`",
   "level": "warning"},
  {"message": "extraction/libcrux_sha3.lean:4826:6: declaration uses `sorry`",
   "level": "warning"},
  {"message": "extraction/libcrux_sha3.lean:4824:2: declaration uses `sorry`",
   "level": "warning"},
  {"message": "extraction/libcrux_sha3.lean:4861:6: declaration uses `sorry`",
   "level": "warning"},
  {"message": "extraction/libcrux_sha3.lean:4861:6: declaration uses `sorry`",
   "level": "warning"},
  {"message": "extraction/libcrux_sha3.lean:4859:2: declaration uses `sorry`",
   "level": "warning"},
  {"message": "extraction/libcrux_sha3.lean:4905:6: declaration uses `sorry`",
   "level": "warning"},
  {"message": "extraction/libcrux_sha3.lean:4905:6: declaration uses `sorry`",
   "level": "warning"},
  {"message": "extraction/libcrux_sha3.lean:4903:2: declaration uses `sorry`",
   "level": "warning"}],
 "inputs":
 [["extraction.libcrux_sha3:deps",
   [["deps",
     [["libcrux_sha3/libcrux_sha3:extraDep",
       [["@libcrux_sha3:extraDep", "00000000000006bb"]]],
      ["imports",
       [["Hax transitive imports (legacy)", "186da7e5ae2cca3e"],
        ["Hax:importAllArts", "909810f9a928ca1f"],
        ["LibcruxStubs transitive imports (legacy)", "f06ee0766685388a"],
        ["LibcruxStubs:importAllArts", "8d88f463bdf5d319"],
        ["extraction.libcrux_intrinsics transitive imports (legacy)",
         "cdb5feb4c611ff81"],
        ["extraction.libcrux_intrinsics:importAllArts", "7315e2b7bd02f996"]]]]],
    ["libs",
     [["import dynlibs", "00000000000006bb"],
      ["package external libraries", "00000000000006bb"],
      ["module dynlibs", "00000000000006bb"],
      ["module plugins", "00000000000006bb"]]]]],
  ["Lean 4.29.0, commit 985f350dcd18fc7814dfa677cac09933f44f3215",
   "25953b0996e8f9b7"],
  ["/Users/karthik/libcrux-proofs-cleanup/crates/algorithms/sha3/proofs/lean/extraction/libcrux_sha3.lean",
   "6e804964fb7ec638"],
  ["options", "00000000000006bb"],
  ["isModule: false", "feefd2a0d3a1847e"],
  ["Module.name: extraction.libcrux_sha3", "156cf9b0f2f0d60a"],
  ["Package.id?: (some libcrux_sha3)", "cdbc796a191f5aa6"],
  ["Module.leanArgs: #[]", "00000000000006bb"]],
 "depHash": "ff3267524312a2c7"}